生成启动时间为 2012/12/19 22:29:21。
     1>项目“E:\计算机通信网络\mySniff\mySniff\mySniff\mySniff.vcxproj”在节点 2 上(build 个目标)。
     1>InitializeBuildStatus:
         正在创建“Debug\mySniff.unsuccessfulbuild”，因为已指定“AlwaysCreate”。
       ClCompile:
         所有输出均为最新。
         d:\vs2010\VC\bin\CL.exe /c /ZI /nologo /W3 /WX- /Od /Oy- /D HAVE_REMOTE /D WPCAP /D WIN32 /D _WINDOWS /D _DEBUG /D _UNICODE /D UNICODE /D _AFXDLL /Gm /EHsc /RTC1 /MDd /GS /fp:precise /Zc:wchar_t /Zc:forScope /Yu"StdAfx.h" /Fp"Debug\mySniff.pch" /Fo"Debug\\" /Fd"Debug\vc100.pdb" /Gd /TP /analyze- /errorReport:prompt mySniffDlg.cpp
         mySniffDlg.cpp
     1>e:\计算机通信网络\mysniff\mysniff\mysniff\mysniffdlg.cpp(180): warning C4018: “<”: 有符号/无符号不匹配
     1>e:\计算机通信网络\mysniff\mysniff\mysniff\mysniffdlg.cpp(393): warning C4996: 'localtime': This function or variable may be unsafe. Consider using localtime_s instead. To disable deprecation, use _CRT_SECURE_NO_WARNINGS. See online help for details.
                 d:\vs2010\vc\include\time.inl(112) : 参见“localtime”的声明
     1>e:\计算机通信网络\mysniff\mysniff\mysniff\mysniffdlg.cpp(511): warning C4244: “参数”: 从“u_long”转换到“u_short”，可能丢失数据
     1>e:\计算机通信网络\mysniff\mysniff\mysniff\mysniffdlg.cpp(869): warning C4002: “_T”宏的实参太多
     1>e:\计算机通信网络\mysniff\mysniff\mysniff\mysniffdlg.cpp(922): warning C4018: “<”: 有符号/无符号不匹配
     1>e:\计算机通信网络\mysniff\mysniff\mysniff\mysniffdlg.cpp(933): warning C4018: “<”: 有符号/无符号不匹配
     1>e:\计算机通信网络\mysniff\mysniff\mysniff\mysniffdlg.cpp(290): warning C4715: “getDevice”: 不是所有的控件路径都返回值
       ResourceCompile:
         所有输出均为最新。
       ManifestResourceCompile:
         所有输出均为最新。
       Link:
         d:\vs2010\VC\bin\link.exe /ERRORREPORT:PROMPT /OUT:"E:\计算机通信网络\mySniff\mySniff\Debug\mySniff.exe" /INCREMENTAL /NOLOGO wpcap.lib ws2_32.lib /MANIFEST /ManifestFile:"Debug\mySniff.exe.intermediate.manifest" /MANIFESTUAC:"level='asInvoker' uiAccess='false'" /DEBUG /PDB:"E:\计算机通信网络\mySniff\mySniff\Debug\mySniff.pdb" /SUBSYSTEM:WINDOWS /TLBID:1 /ENTRY:"wWinMainCRTStartup" /DYNAMICBASE /NXCOMPAT /IMPLIB:"E:\计算机通信网络\mySniff\mySniff\Debug\mySniff.lib" /MACHINE:X86 Debug\mySniff.res
         Debug\mySniff.exe.embed.manifest.res
         Debug\mySniff.obj
         Debug\mySniffDlg.obj
         Debug\stdafx.obj
       Manifest:
         C:\Program Files\Microsoft SDKs\Windows\v7.0A\bin\mt.exe /nologo /verbose /out:"Debug\mySniff.exe.embed.manifest" /manifest Debug\mySniff.exe.intermediate.manifest d:\vs2010\VC\Include\Manifest\dpiaware.manifest
         所有输出均为最新。
       LinkEmbedManifest:
         所有输出均为最新。
         mySniff.vcxproj -> E:\计算机通信网络\mySniff\mySniff\Debug\mySniff.exe
       FinalizeBuildStatus:
         正在删除文件“Debug\mySniff.unsuccessfulbuild”。
         正在对“Debug\mySniff.lastbuildstate”执行 Touch 任务。
     1>已完成生成项目“E:\计算机通信网络\mySniff\mySniff\mySniff\mySniff.vcxproj”(build 个目标)的操作。

生成成功。

已用时间 00:00:01.43
