E:\计算机网络\MYSNIFF\MYSNIFF\DEBUG\MYSNIFF.EXE
E:\计算机网络\MYSNIFF\MYSNIFF\DEBUG\MYSNIFF.ILK
E:\计算机网络\MYSNIFF\MYSNIFF\DEBUG\MYSNIFF.PDB
E:\计算机网络\mySniff\mySniff\mySniff\Debug\cl.command.1.tlog
E:\计算机网络\mySniff\mySniff\mySniff\Debug\CL.read.1.tlog
E:\计算机网络\mySniff\mySniff\mySniff\Debug\CL.write.1.tlog
E:\计算机网络\mySniff\mySniff\mySniff\Debug\link.2816.read.1.tlog
E:\计算机网络\mySniff\mySniff\mySniff\Debug\link.2816.write.1.tlog
E:\计算机网络\mySniff\mySniff\mySniff\Debug\link.2816-cvtres.read.1.tlog
E:\计算机网络\mySniff\mySniff\mySniff\Debug\link.2816-cvtres.write.1.tlog
E:\计算机网络\mySniff\mySniff\mySniff\Debug\link.3776.read.1.tlog
E:\计算机网络\mySniff\mySniff\mySniff\Debug\link.3776.write.1.tlog
E:\计算机网络\mySniff\mySniff\mySniff\Debug\link.3776-cvtres.read.1.tlog
E:\计算机网络\mySniff\mySniff\mySniff\Debug\link.3776-cvtres.write.1.tlog
E:\计算机网络\mySniff\mySniff\mySniff\Debug\link.4120.read.1.tlog
E:\计算机网络\mySniff\mySniff\mySniff\Debug\link.4120.write.1.tlog
E:\计算机网络\mySniff\mySniff\mySniff\Debug\link.4120-cvtres.read.1.tlog
E:\计算机网络\mySniff\mySniff\mySniff\Debug\link.4120-cvtres.write.1.tlog
E:\计算机网络\mySniff\mySniff\mySniff\Debug\link.4400.read.1.tlog
E:\计算机网络\mySniff\mySniff\mySniff\Debug\link.4400.write.1.tlog
E:\计算机网络\mySniff\mySniff\mySniff\Debug\link.4400-cvtres.read.1.tlog
E:\计算机网络\mySniff\mySniff\mySniff\Debug\link.4400-cvtres.write.1.tlog
E:\计算机网络\mySniff\mySniff\mySniff\Debug\link.4656.read.1.tlog
E:\计算机网络\mySniff\mySniff\mySniff\Debug\link.4656.write.1.tlog
E:\计算机网络\mySniff\mySniff\mySniff\Debug\link.4852.read.1.tlog
E:\计算机网络\mySniff\mySniff\mySniff\Debug\link.4852.write.1.tlog
E:\计算机网络\mySniff\mySniff\mySniff\Debug\link.4852-cvtres.read.1.tlog
E:\计算机网络\mySniff\mySniff\mySniff\Debug\link.4852-cvtres.write.1.tlog
E:\计算机网络\mySniff\mySniff\mySniff\Debug\link.command.1.tlog
E:\计算机网络\mySniff\mySniff\mySniff\Debug\link.read.1.tlog
E:\计算机网络\mySniff\mySniff\mySniff\Debug\link.write.1.tlog
E:\计算机网络\mySniff\mySniff\mySniff\Debug\link-cvtres.read.1.tlog
E:\计算机网络\mySniff\mySniff\mySniff\Debug\link-cvtres.write.1.tlog
E:\计算机网络\mySniff\mySniff\mySniff\Debug\mt.command.1.tlog
E:\计算机网络\mySniff\mySniff\mySniff\Debug\mt.read.1.tlog
E:\计算机网络\mySniff\mySniff\mySniff\Debug\mt.write.1.tlog
E:\计算机网络\MYSNIFF\MYSNIFF\MYSNIFF\DEBUG\MYSNIFF.EXE.EMBED.MANIFEST
E:\计算机网络\MYSNIFF\MYSNIFF\MYSNIFF\DEBUG\MYSNIFF.EXE.EMBED.MANIFEST.RES
E:\计算机网络\MYSNIFF\MYSNIFF\MYSNIFF\DEBUG\MYSNIFF.EXE.INTERMEDIATE.MANIFEST
E:\计算机网络\MYSNIFF\MYSNIFF\MYSNIFF\DEBUG\MYSNIFF.OBJ
E:\计算机网络\MYSNIFF\MYSNIFF\MYSNIFF\DEBUG\MYSNIFF.PCH
E:\计算机网络\MYSNIFF\MYSNIFF\MYSNIFF\DEBUG\MYSNIFF.RES
E:\计算机网络\mySniff\mySniff\mySniff\Debug\mySniff_manifest.rc
E:\计算机网络\MYSNIFF\MYSNIFF\MYSNIFF\DEBUG\MYSNIFFDLG.OBJ
E:\计算机网络\mySniff\mySniff\mySniff\Debug\rc.command.1.tlog
E:\计算机网络\mySniff\mySniff\mySniff\Debug\rc.read.1.tlog
E:\计算机网络\mySniff\mySniff\mySniff\Debug\rc.write.1.tlog
E:\计算机网络\MYSNIFF\MYSNIFF\MYSNIFF\DEBUG\STDAFX.OBJ
E:\计算机网络\mySniff\mySniff\mySniff\Debug\vc100.idb
E:\计算机网络\MYSNIFF\MYSNIFF\MYSNIFF\DEBUG\VC100.PDB
